{"/home/wanessaguedes/projetos-driven/interior-tour/src/config/database.ts": {"path":"/home/wanessaguedes/projetos-driven/interior-tour/src/config/database.ts","statementMap":{"0":{"start":{"line":3,"column":25},"end":{"line":3,"column":28}},"1":{"start":{"line":6,"column":22},"end":{"line":6,"column":40}}},"fnMap":{},"branchMap":{},"s":{"0":9,"1":9},"f":{},"b":{}}
,"/home/wanessaguedes/projetos-driven/interior-tour/src/repositories/accountRepository.ts": {"path":"/home/wanessaguedes/projetos-driven/interior-tour/src/repositories/accountRepository.ts","statementMap":{"0":{"start":{"line":4,"column":15},"end":{"line":4,"column":70}},"1":{"start":{"line":6,"column":2},"end":{"line":6,"column":14}},"2":{"start":{"line":9,"column":33},"end":{"line":11,"column":2}}},"fnMap":{"0":{"name":"getUserInfoById","decl":{"start":{"line":3,"column":15},"end":{"line":3,"column":30}},"loc":{"start":{"line":3,"column":45},"end":{"line":7,"column":null}}}},"branchMap":{},"s":{"0":0,"1":0,"2":1},"f":{"0":0},"b":{}}
,"/home/wanessaguedes/projetos-driven/interior-tour/src/repositories/authRepository.ts": {"path":"/home/wanessaguedes/projetos-driven/interior-tour/src/repositories/authRepository.ts","statementMap":{"0":{"start":{"line":5,"column":2},"end":{"line":5,"column":47}},"1":{"start":{"line":9,"column":28},"end":{"line":11,"column":4}},"2":{"start":{"line":13,"column":2},"end":{"line":13,"column":27}},"3":{"start":{"line":16,"column":30},"end":{"line":19,"column":2}}},"fnMap":{"0":{"name":"createUser","decl":{"start":{"line":4,"column":15},"end":{"line":4,"column":25}},"loc":{"start":{"line":4,"column":50},"end":{"line":6,"column":null}}},"1":{"name":"checkRegisteredEmail","decl":{"start":{"line":8,"column":15},"end":{"line":8,"column":35}},"loc":{"start":{"line":8,"column":61},"end":{"line":14,"column":null}}}},"branchMap":{},"s":{"0":1,"1":0,"2":0,"3":1},"f":{"0":1,"1":0},"b":{}}
,"/home/wanessaguedes/projetos-driven/interior-tour/src/repositories/commentsRepository.ts": {"path":"/home/wanessaguedes/projetos-driven/interior-tour/src/repositories/commentsRepository.ts","statementMap":{"0":{"start":{"line":7,"column":2},"end":{"line":9,"column":5}},"1":{"start":{"line":13,"column":19},"end":{"line":18,"column":4}},"2":{"start":{"line":20,"column":2},"end":{"line":20,"column":18}},"3":{"start":{"line":24,"column":27},"end":{"line":26,"column":4}},"4":{"start":{"line":28,"column":2},"end":{"line":28,"column":26}},"5":{"start":{"line":32,"column":19},"end":{"line":32,"column":71}},"6":{"start":{"line":33,"column":2},"end":{"line":33,"column":18}},"7":{"start":{"line":37,"column":2},"end":{"line":37,"column":79}},"8":{"start":{"line":41,"column":2},"end":{"line":41,"column":60}},"9":{"start":{"line":45,"column":20},"end":{"line":47,"column":4}},"10":{"start":{"line":49,"column":2},"end":{"line":49,"column":19}},"11":{"start":{"line":52,"column":34},"end":{"line":60,"column":2}}},"fnMap":{"0":{"name":"insertComment","decl":{"start":{"line":6,"column":15},"end":{"line":6,"column":28}},"loc":{"start":{"line":6,"column":55},"end":{"line":10,"column":null}}},"1":{"name":"getCityComments","decl":{"start":{"line":12,"column":15},"end":{"line":12,"column":30}},"loc":{"start":{"line":12,"column":45},"end":{"line":21,"column":null}}},"2":{"name":"findCity","decl":{"start":{"line":23,"column":15},"end":{"line":23,"column":23}},"loc":{"start":{"line":23,"column":38},"end":{"line":29,"column":null}}},"3":{"name":"getComments","decl":{"start":{"line":31,"column":15},"end":{"line":31,"column":26}},"loc":{"start":{"line":31,"column":41},"end":{"line":34,"column":null}}},"4":{"name":"updateComment","decl":{"start":{"line":36,"column":15},"end":{"line":36,"column":28}},"loc":{"start":{"line":36,"column":63},"end":{"line":38,"column":null}}},"5":{"name":"deleteComment","decl":{"start":{"line":40,"column":15},"end":{"line":40,"column":28}},"loc":{"start":{"line":40,"column":46},"end":{"line":42,"column":null}}},"6":{"name":"findComment","decl":{"start":{"line":44,"column":15},"end":{"line":44,"column":26}},"loc":{"start":{"line":44,"column":44},"end":{"line":50,"column":null}}}},"branchMap":{},"s":{"0":1,"1":1,"2":1,"3":0,"4":0,"5":0,"6":0,"7":0,"8":0,"9":0,"10":0,"11":1},"f":{"0":1,"1":1,"2":0,"3":0,"4":0,"5":0,"6":0},"b":{}}
,"/home/wanessaguedes/projetos-driven/interior-tour/src/repositories/discoverCityRepository.ts": {"path":"/home/wanessaguedes/projetos-driven/interior-tour/src/repositories/discoverCityRepository.ts","statementMap":{"0":{"start":{"line":4,"column":15},"end":{"line":15,"column":4}},"1":{"start":{"line":17,"column":2},"end":{"line":17,"column":14}},"2":{"start":{"line":20,"column":38},"end":{"line":22,"column":2}}},"fnMap":{"0":{"name":"getCityById","decl":{"start":{"line":3,"column":15},"end":{"line":3,"column":26}},"loc":{"start":{"line":3,"column":41},"end":{"line":18,"column":null}}}},"branchMap":{},"s":{"0":0,"1":0,"2":1},"f":{"0":0},"b":{}}
,"/home/wanessaguedes/projetos-driven/interior-tour/src/repositories/mainPageRepository.ts": {"path":"/home/wanessaguedes/projetos-driven/interior-tour/src/repositories/mainPageRepository.ts","statementMap":{"0":{"start":{"line":4,"column":17},"end":{"line":10,"column":4}},"1":{"start":{"line":11,"column":2},"end":{"line":11,"column":16}},"2":{"start":{"line":15,"column":17},"end":{"line":15,"column":45}},"3":{"start":{"line":16,"column":15},"end":{"line":19,"column":4}},"4":{"start":{"line":20,"column":19},"end":{"line":23,"column":4}},"5":{"start":{"line":24,"column":18},"end":{"line":27,"column":4}},"6":{"start":{"line":28,"column":2},"end":{"line":28,"column":47}},"7":{"start":{"line":32,"column":17},"end":{"line":45,"column":4}},"8":{"start":{"line":47,"column":2},"end":{"line":47,"column":16}},"9":{"start":{"line":50,"column":34},"end":{"line":54,"column":2}}},"fnMap":{"0":{"name":"getCities","decl":{"start":{"line":3,"column":15},"end":{"line":3,"column":24}},"loc":{"start":{"line":3,"column":24},"end":{"line":12,"column":null}}},"1":{"name":"getCityAndUser","decl":{"start":{"line":14,"column":15},"end":{"line":14,"column":29}},"loc":{"start":{"line":14,"column":40},"end":{"line":29,"column":null}}},"2":{"name":"getCitiesByState","decl":{"start":{"line":31,"column":15},"end":{"line":31,"column":31}},"loc":{"start":{"line":31,"column":47},"end":{"line":48,"column":null}}}},"branchMap":{},"s":{"0":0,"1":0,"2":0,"3":0,"4":0,"5":0,"6":0,"7":0,"8":0,"9":1},"f":{"0":0,"1":0,"2":0},"b":{}}
,"/home/wanessaguedes/projetos-driven/interior-tour/src/repositories/searchBarRepository.ts": {"path":"/home/wanessaguedes/projetos-driven/interior-tour/src/repositories/searchBarRepository.ts","statementMap":{"0":{"start":{"line":4,"column":17},"end":{"line":11,"column":4}},"1":{"start":{"line":13,"column":2},"end":{"line":13,"column":16}},"2":{"start":{"line":16,"column":35},"end":{"line":18,"column":2}}},"fnMap":{"0":{"name":"searchState","decl":{"start":{"line":3,"column":15},"end":{"line":3,"column":26}},"loc":{"start":{"line":3,"column":44},"end":{"line":14,"column":null}}}},"branchMap":{},"s":{"0":0,"1":0,"2":1},"f":{"0":0},"b":{}}
,"/home/wanessaguedes/projetos-driven/interior-tour/src/repositories/toogleFavoriteRepository.ts": {"path":"/home/wanessaguedes/projetos-driven/interior-tour/src/repositories/toogleFavoriteRepository.ts","statementMap":{"0":{"start":{"line":4,"column":2},"end":{"line":4,"column":61}},"1":{"start":{"line":8,"column":2},"end":{"line":15,"column":5}},"2":{"start":{"line":19,"column":27},"end":{"line":21,"column":4}},"3":{"start":{"line":23,"column":2},"end":{"line":23,"column":26}},"4":{"start":{"line":27,"column":17},"end":{"line":38,"column":4}},"5":{"start":{"line":40,"column":2},"end":{"line":40,"column":16}},"6":{"start":{"line":43,"column":40},"end":{"line":48,"column":2}}},"fnMap":{"0":{"name":"postFavorites","decl":{"start":{"line":3,"column":15},"end":{"line":3,"column":28}},"loc":{"start":{"line":3,"column":59},"end":{"line":5,"column":null}}},"1":{"name":"postUnfavorites","decl":{"start":{"line":7,"column":15},"end":{"line":7,"column":30}},"loc":{"start":{"line":7,"column":61},"end":{"line":16,"column":null}}},"2":{"name":"findCity","decl":{"start":{"line":18,"column":15},"end":{"line":18,"column":23}},"loc":{"start":{"line":18,"column":38},"end":{"line":24,"column":null}}},"3":{"name":"getFavoriteCities","decl":{"start":{"line":26,"column":15},"end":{"line":26,"column":32}},"loc":{"start":{"line":26,"column":47},"end":{"line":41,"column":null}}}},"branchMap":{},"s":{"0":1,"1":1,"2":0,"3":0,"4":0,"5":0,"6":1},"f":{"0":1,"1":1,"2":0,"3":0},"b":{}}
,"/home/wanessaguedes/projetos-driven/interior-tour/src/repositories/toogleLikeRepository.ts": {"path":"/home/wanessaguedes/projetos-driven/interior-tour/src/repositories/toogleLikeRepository.ts","statementMap":{"0":{"start":{"line":4,"column":2},"end":{"line":4,"column":57}},"1":{"start":{"line":8,"column":2},"end":{"line":15,"column":5}},"2":{"start":{"line":19,"column":27},"end":{"line":21,"column":4}},"3":{"start":{"line":23,"column":2},"end":{"line":23,"column":26}},"4":{"start":{"line":26,"column":36},"end":{"line":30,"column":2}}},"fnMap":{"0":{"name":"postLike","decl":{"start":{"line":3,"column":15},"end":{"line":3,"column":23}},"loc":{"start":{"line":3,"column":54},"end":{"line":5,"column":null}}},"1":{"name":"postDislike","decl":{"start":{"line":7,"column":15},"end":{"line":7,"column":26}},"loc":{"start":{"line":7,"column":57},"end":{"line":16,"column":null}}},"2":{"name":"findCity","decl":{"start":{"line":18,"column":15},"end":{"line":18,"column":23}},"loc":{"start":{"line":18,"column":38},"end":{"line":24,"column":null}}}},"branchMap":{},"s":{"0":1,"1":1,"2":0,"3":0,"4":1},"f":{"0":1,"1":1,"2":0},"b":{}}
,"/home/wanessaguedes/projetos-driven/interior-tour/src/repositories/toogleVisitedRepository.ts": {"path":"/home/wanessaguedes/projetos-driven/interior-tour/src/repositories/toogleVisitedRepository.ts","statementMap":{"0":{"start":{"line":4,"column":2},"end":{"line":4,"column":60}},"1":{"start":{"line":8,"column":2},"end":{"line":15,"column":5}},"2":{"start":{"line":19,"column":27},"end":{"line":21,"column":4}},"3":{"start":{"line":23,"column":2},"end":{"line":23,"column":26}},"4":{"start":{"line":26,"column":39},"end":{"line":30,"column":2}}},"fnMap":{"0":{"name":"postVisited","decl":{"start":{"line":3,"column":15},"end":{"line":3,"column":26}},"loc":{"start":{"line":3,"column":57},"end":{"line":5,"column":null}}},"1":{"name":"postUnvisited","decl":{"start":{"line":7,"column":15},"end":{"line":7,"column":28}},"loc":{"start":{"line":7,"column":59},"end":{"line":16,"column":null}}},"2":{"name":"findCity","decl":{"start":{"line":18,"column":15},"end":{"line":18,"column":23}},"loc":{"start":{"line":18,"column":38},"end":{"line":24,"column":null}}}},"branchMap":{},"s":{"0":1,"1":1,"2":0,"3":0,"4":1},"f":{"0":1,"1":1,"2":0},"b":{}}
,"/home/wanessaguedes/projetos-driven/interior-tour/src/services/accountService.ts": {"path":"/home/wanessaguedes/projetos-driven/interior-tour/src/services/accountService.ts","statementMap":{"0":{"start":{"line":4,"column":15},"end":{"line":4,"column":62}},"1":{"start":{"line":5,"column":2},"end":{"line":10,"column":null}},"2":{"start":{"line":6,"column":4},"end":{"line":9,"column":6}},"3":{"start":{"line":12,"column":2},"end":{"line":12,"column":14}},"4":{"start":{"line":15,"column":30},"end":{"line":17,"column":2}}},"fnMap":{"0":{"name":"getUserInfoById","decl":{"start":{"line":3,"column":15},"end":{"line":3,"column":30}},"loc":{"start":{"line":3,"column":45},"end":{"line":13,"column":null}}}},"branchMap":{"0":{"loc":{"start":{"line":5,"column":2},"end":{"line":10,"column":null}},"type":"if","locations":[{"start":{"line":5,"column":2},"end":{"line":10,"column":null}}]}},"s":{"0":2,"1":2,"2":1,"3":1,"4":1},"f":{"0":2},"b":{"0":[1]}}
,"/home/wanessaguedes/projetos-driven/interior-tour/src/services/authServices.ts": {"path":"/home/wanessaguedes/projetos-driven/interior-tour/src/services/authServices.ts","statementMap":{"0":{"start":{"line":7,"column":0},"end":{"line":7,"column":14}},"1":{"start":{"line":9,"column":13},"end":{"line":9,"column":15}},"2":{"start":{"line":12,"column":2},"end":{"line":12,"column":48}},"3":{"start":{"line":13,"column":19},"end":{"line":13,"column":40}},"4":{"start":{"line":14,"column":28},"end":{"line":14,"column":79}},"5":{"start":{"line":15,"column":2},"end":{"line":20,"column":null}},"6":{"start":{"line":16,"column":4},"end":{"line":19,"column":6}},"7":{"start":{"line":22,"column":2},"end":{"line":22,"column":58}},"8":{"start":{"line":24,"column":2},"end":{"line":24,"column":44}},"9":{"start":{"line":28,"column":15},"end":{"line":28,"column":66}},"10":{"start":{"line":29,"column":2},"end":{"line":34,"column":null}},"11":{"start":{"line":30,"column":4},"end":{"line":33,"column":6}},"12":{"start":{"line":36,"column":2},"end":{"line":41,"column":null}},"13":{"start":{"line":37,"column":4},"end":{"line":40,"column":6}},"14":{"start":{"line":43,"column":20},"end":{"line":43,"column":46}},"15":{"start":{"line":44,"column":16},"end":{"line":44,"column":71}},"16":{"start":{"line":46,"column":2},"end":{"line":46,"column":25}},"17":{"start":{"line":49,"column":27},"end":{"line":52,"column":2}}},"fnMap":{"0":{"name":"signUp","decl":{"start":{"line":11,"column":15},"end":{"line":11,"column":21}},"loc":{"start":{"line":11,"column":46},"end":{"line":25,"column":null}}},"1":{"name":"signIn","decl":{"start":{"line":27,"column":15},"end":{"line":27,"column":21}},"loc":{"start":{"line":27,"column":47},"end":{"line":47,"column":null}}}},"branchMap":{"0":{"loc":{"start":{"line":15,"column":2},"end":{"line":20,"column":null}},"type":"if","locations":[{"start":{"line":15,"column":2},"end":{"line":20,"column":null}}]},"1":{"loc":{"start":{"line":29,"column":2},"end":{"line":34,"column":null}},"type":"if","locations":[{"start":{"line":29,"column":2},"end":{"line":34,"column":null}}]},"2":{"loc":{"start":{"line":36,"column":2},"end":{"line":41,"column":null}},"type":"if","locations":[{"start":{"line":36,"column":2},"end":{"line":41,"column":null}}]}},"s":{"0":1,"1":1,"2":2,"3":2,"4":2,"5":2,"6":1,"7":1,"8":1,"9":2,"10":2,"11":1,"12":1,"13":1,"14":0,"15":0,"16":0,"17":1},"f":{"0":2,"1":2},"b":{"0":[1],"1":[1],"2":[1]}}
,"/home/wanessaguedes/projetos-driven/interior-tour/src/services/commentsServices.ts": {"path":"/home/wanessaguedes/projetos-driven/interior-tour/src/services/commentsServices.ts","statementMap":{"0":{"start":{"line":7,"column":27},"end":{"line":8,"column":null}},"1":{"start":{"line":10,"column":2},"end":{"line":15,"column":null}},"2":{"start":{"line":11,"column":4},"end":{"line":14,"column":6}},"3":{"start":{"line":16,"column":2},"end":{"line":16,"column":54}},"4":{"start":{"line":20,"column":27},"end":{"line":20,"column":68}},"5":{"start":{"line":21,"column":2},"end":{"line":26,"column":null}},"6":{"start":{"line":22,"column":4},"end":{"line":25,"column":6}},"7":{"start":{"line":27,"column":19},"end":{"line":27,"column":67}},"8":{"start":{"line":29,"column":2},"end":{"line":29,"column":18}},"9":{"start":{"line":37,"column":20},"end":{"line":37,"column":67}},"10":{"start":{"line":38,"column":2},"end":{"line":43,"column":null}},"11":{"start":{"line":39,"column":4},"end":{"line":42,"column":6}},"12":{"start":{"line":44,"column":29},"end":{"line":44,"column":34}},"13":{"start":{"line":45,"column":19},"end":{"line":45,"column":63}},"14":{"start":{"line":46,"column":2},"end":{"line":50,"column":5}},"15":{"start":{"line":47,"column":4},"end":{"line":49,"column":null}},"16":{"start":{"line":48,"column":6},"end":{"line":48,"column":34}},"17":{"start":{"line":51,"column":2},"end":{"line":58,"column":null}},"18":{"start":{"line":52,"column":4},"end":{"line":52,"column":63}},"19":{"start":{"line":54,"column":4},"end":{"line":57,"column":6}},"20":{"start":{"line":62,"column":20},"end":{"line":62,"column":67}},"21":{"start":{"line":63,"column":2},"end":{"line":68,"column":null}},"22":{"start":{"line":64,"column":4},"end":{"line":67,"column":6}},"23":{"start":{"line":69,"column":29},"end":{"line":69,"column":34}},"24":{"start":{"line":70,"column":19},"end":{"line":70,"column":63}},"25":{"start":{"line":71,"column":2},"end":{"line":75,"column":5}},"26":{"start":{"line":72,"column":4},"end":{"line":74,"column":null}},"27":{"start":{"line":73,"column":6},"end":{"line":73,"column":34}},"28":{"start":{"line":76,"column":2},"end":{"line":83,"column":null}},"29":{"start":{"line":77,"column":4},"end":{"line":77,"column":54}},"30":{"start":{"line":79,"column":4},"end":{"line":82,"column":6}},"31":{"start":{"line":86,"column":31},"end":{"line":91,"column":2}}},"fnMap":{"0":{"name":"insertComment","decl":{"start":{"line":6,"column":15},"end":{"line":6,"column":28}},"loc":{"start":{"line":6,"column":55},"end":{"line":17,"column":null}}},"1":{"name":"getCityComments","decl":{"start":{"line":19,"column":15},"end":{"line":19,"column":30}},"loc":{"start":{"line":19,"column":45},"end":{"line":30,"column":null}}},"2":{"name":"updateComment","decl":{"start":{"line":32,"column":15},"end":{"line":32,"column":28}},"loc":{"start":{"line":35,"column":16},"end":{"line":59,"column":null}}},"3":{"name":"(anonymous_13)","decl":{"start":{"line":46,"column":15},"end":{"line":46,"column":16}},"loc":{"start":{"line":46,"column":24},"end":{"line":50,"column":3}}},"4":{"name":"deleteComment","decl":{"start":{"line":61,"column":15},"end":{"line":61,"column":28}},"loc":{"start":{"line":61,"column":62},"end":{"line":84,"column":null}}},"5":{"name":"(anonymous_16)","decl":{"start":{"line":71,"column":15},"end":{"line":71,"column":16}},"loc":{"start":{"line":71,"column":24},"end":{"line":75,"column":3}}}},"branchMap":{"0":{"loc":{"start":{"line":10,"column":2},"end":{"line":15,"column":null}},"type":"if","locations":[{"start":{"line":10,"column":2},"end":{"line":15,"column":null}}]},"1":{"loc":{"start":{"line":21,"column":2},"end":{"line":26,"column":null}},"type":"if","locations":[{"start":{"line":21,"column":2},"end":{"line":26,"column":null}}]},"2":{"loc":{"start":{"line":38,"column":2},"end":{"line":43,"column":null}},"type":"if","locations":[{"start":{"line":38,"column":2},"end":{"line":43,"column":null}}]},"3":{"loc":{"start":{"line":47,"column":4},"end":{"line":49,"column":null}},"type":"if","locations":[{"start":{"line":47,"column":4},"end":{"line":49,"column":null}}]},"4":{"loc":{"start":{"line":51,"column":2},"end":{"line":58,"column":null}},"type":"if","locations":[{"start":{"line":51,"column":2},"end":{"line":58,"column":null}},{"start":{"line":53,"column":9},"end":{"line":58,"column":null}}]},"5":{"loc":{"start":{"line":63,"column":2},"end":{"line":68,"column":null}},"type":"if","locations":[{"start":{"line":63,"column":2},"end":{"line":68,"column":null}}]},"6":{"loc":{"start":{"line":72,"column":4},"end":{"line":74,"column":null}},"type":"if","locations":[{"start":{"line":72,"column":4},"end":{"line":74,"column":null}}]},"7":{"loc":{"start":{"line":76,"column":2},"end":{"line":83,"column":null}},"type":"if","locations":[{"start":{"line":76,"column":2},"end":{"line":83,"column":null}},{"start":{"line":78,"column":9},"end":{"line":83,"column":null}}]}},"s":{"0":2,"1":2,"2":1,"3":1,"4":2,"5":2,"6":1,"7":1,"8":1,"9":3,"10":3,"11":1,"12":2,"13":2,"14":2,"15":4,"16":1,"17":2,"18":1,"19":1,"20":3,"21":3,"22":1,"23":2,"24":2,"25":2,"26":4,"27":1,"28":2,"29":1,"30":1,"31":1},"f":{"0":2,"1":2,"2":3,"3":4,"4":3,"5":4},"b":{"0":[1],"1":[1],"2":[1],"3":[1],"4":[1,1],"5":[1],"6":[1],"7":[1,1]}}
,"/home/wanessaguedes/projetos-driven/interior-tour/src/services/discoverCityServices.ts": {"path":"/home/wanessaguedes/projetos-driven/interior-tour/src/services/discoverCityServices.ts","statementMap":{"0":{"start":{"line":4,"column":15},"end":{"line":4,"column":63}},"1":{"start":{"line":5,"column":2},"end":{"line":10,"column":null}},"2":{"start":{"line":6,"column":4},"end":{"line":9,"column":6}},"3":{"start":{"line":12,"column":2},"end":{"line":12,"column":14}},"4":{"start":{"line":15,"column":36},"end":{"line":17,"column":2}}},"fnMap":{"0":{"name":"getCityById","decl":{"start":{"line":3,"column":15},"end":{"line":3,"column":26}},"loc":{"start":{"line":3,"column":41},"end":{"line":13,"column":null}}}},"branchMap":{"0":{"loc":{"start":{"line":5,"column":2},"end":{"line":10,"column":null}},"type":"if","locations":[{"start":{"line":5,"column":2},"end":{"line":10,"column":null}}]}},"s":{"0":1,"1":1,"2":1,"3":0,"4":1},"f":{"0":1},"b":{"0":[1]}}
,"/home/wanessaguedes/projetos-driven/interior-tour/src/services/mainPageservice.ts": {"path":"/home/wanessaguedes/projetos-driven/interior-tour/src/services/mainPageservice.ts","statementMap":{"0":{"start":{"line":4,"column":17},"end":{"line":4,"column":53}},"1":{"start":{"line":5,"column":2},"end":{"line":5,"column":16}},"2":{"start":{"line":9,"column":28},"end":{"line":9,"column":71}},"3":{"start":{"line":10,"column":2},"end":{"line":10,"column":27}},"4":{"start":{"line":14,"column":17},"end":{"line":14,"column":67}},"5":{"start":{"line":15,"column":2},"end":{"line":20,"column":null}},"6":{"start":{"line":16,"column":4},"end":{"line":19,"column":6}},"7":{"start":{"line":22,"column":2},"end":{"line":22,"column":16}},"8":{"start":{"line":25,"column":32},"end":{"line":29,"column":2}}},"fnMap":{"0":{"name":"getCities","decl":{"start":{"line":3,"column":15},"end":{"line":3,"column":24}},"loc":{"start":{"line":3,"column":24},"end":{"line":6,"column":null}}},"1":{"name":"getCityAndUser","decl":{"start":{"line":8,"column":15},"end":{"line":8,"column":29}},"loc":{"start":{"line":8,"column":40},"end":{"line":11,"column":null}}},"2":{"name":"getCitiesByState","decl":{"start":{"line":13,"column":15},"end":{"line":13,"column":31}},"loc":{"start":{"line":13,"column":47},"end":{"line":23,"column":null}}}},"branchMap":{"0":{"loc":{"start":{"line":15,"column":2},"end":{"line":20,"column":null}},"type":"if","locations":[{"start":{"line":15,"column":2},"end":{"line":20,"column":null}}]}},"s":{"0":1,"1":1,"2":0,"3":0,"4":2,"5":2,"6":1,"7":1,"8":1},"f":{"0":1,"1":0,"2":2},"b":{"0":[1]}}
,"/home/wanessaguedes/projetos-driven/interior-tour/src/services/searchBarServices.ts": {"path":"/home/wanessaguedes/projetos-driven/interior-tour/src/services/searchBarServices.ts","statementMap":{"0":{"start":{"line":4,"column":17},"end":{"line":4,"column":65}},"1":{"start":{"line":5,"column":2},"end":{"line":5,"column":16}},"2":{"start":{"line":8,"column":33},"end":{"line":10,"column":2}}},"fnMap":{"0":{"name":"searchState","decl":{"start":{"line":3,"column":15},"end":{"line":3,"column":26}},"loc":{"start":{"line":3,"column":44},"end":{"line":6,"column":null}}}},"branchMap":{},"s":{"0":1,"1":1,"2":1},"f":{"0":1},"b":{}}
,"/home/wanessaguedes/projetos-driven/interior-tour/src/services/toogleFavoriteServices.ts": {"path":"/home/wanessaguedes/projetos-driven/interior-tour/src/services/toogleFavoriteServices.ts","statementMap":{"0":{"start":{"line":5,"column":27},"end":{"line":5,"column":74}},"1":{"start":{"line":6,"column":2},"end":{"line":11,"column":null}},"2":{"start":{"line":7,"column":4},"end":{"line":10,"column":6}},"3":{"start":{"line":12,"column":2},"end":{"line":12,"column":63}},"4":{"start":{"line":16,"column":27},"end":{"line":16,"column":74}},"5":{"start":{"line":17,"column":2},"end":{"line":22,"column":null}},"6":{"start":{"line":18,"column":4},"end":{"line":21,"column":6}},"7":{"start":{"line":23,"column":2},"end":{"line":23,"column":65}},"8":{"start":{"line":27,"column":17},"end":{"line":27,"column":73}},"9":{"start":{"line":29,"column":2},"end":{"line":29,"column":16}},"10":{"start":{"line":32,"column":37},"end":{"line":36,"column":2}}},"fnMap":{"0":{"name":"postFavorite","decl":{"start":{"line":4,"column":15},"end":{"line":4,"column":27}},"loc":{"start":{"line":4,"column":58},"end":{"line":13,"column":null}}},"1":{"name":"postUnfavorite","decl":{"start":{"line":15,"column":15},"end":{"line":15,"column":29}},"loc":{"start":{"line":15,"column":60},"end":{"line":24,"column":null}}},"2":{"name":"getFavoriteCities","decl":{"start":{"line":26,"column":15},"end":{"line":26,"column":32}},"loc":{"start":{"line":26,"column":47},"end":{"line":30,"column":null}}}},"branchMap":{"0":{"loc":{"start":{"line":6,"column":2},"end":{"line":11,"column":null}},"type":"if","locations":[{"start":{"line":6,"column":2},"end":{"line":11,"column":null}}]},"1":{"loc":{"start":{"line":17,"column":2},"end":{"line":22,"column":null}},"type":"if","locations":[{"start":{"line":17,"column":2},"end":{"line":22,"column":null}}]}},"s":{"0":2,"1":2,"2":1,"3":1,"4":2,"5":2,"6":1,"7":1,"8":1,"9":1,"10":1},"f":{"0":2,"1":2,"2":1},"b":{"0":[1],"1":[1]}}
,"/home/wanessaguedes/projetos-driven/interior-tour/src/services/toogleLikeServices.ts": {"path":"/home/wanessaguedes/projetos-driven/interior-tour/src/services/toogleLikeServices.ts","statementMap":{"0":{"start":{"line":5,"column":27},"end":{"line":5,"column":70}},"1":{"start":{"line":6,"column":2},"end":{"line":11,"column":null}},"2":{"start":{"line":7,"column":4},"end":{"line":10,"column":6}},"3":{"start":{"line":12,"column":2},"end":{"line":12,"column":54}},"4":{"start":{"line":16,"column":27},"end":{"line":16,"column":70}},"5":{"start":{"line":17,"column":2},"end":{"line":22,"column":null}},"6":{"start":{"line":18,"column":4},"end":{"line":21,"column":6}},"7":{"start":{"line":23,"column":2},"end":{"line":23,"column":57}},"8":{"start":{"line":26,"column":34},"end":{"line":29,"column":2}}},"fnMap":{"0":{"name":"postLike","decl":{"start":{"line":4,"column":15},"end":{"line":4,"column":23}},"loc":{"start":{"line":4,"column":54},"end":{"line":13,"column":null}}},"1":{"name":"postDislike","decl":{"start":{"line":15,"column":15},"end":{"line":15,"column":26}},"loc":{"start":{"line":15,"column":57},"end":{"line":24,"column":null}}}},"branchMap":{"0":{"loc":{"start":{"line":6,"column":2},"end":{"line":11,"column":null}},"type":"if","locations":[{"start":{"line":6,"column":2},"end":{"line":11,"column":null}}]},"1":{"loc":{"start":{"line":17,"column":2},"end":{"line":22,"column":null}},"type":"if","locations":[{"start":{"line":17,"column":2},"end":{"line":22,"column":null}}]}},"s":{"0":2,"1":2,"2":1,"3":1,"4":2,"5":2,"6":1,"7":1,"8":1},"f":{"0":2,"1":2},"b":{"0":[1],"1":[1]}}
,"/home/wanessaguedes/projetos-driven/interior-tour/src/services/toogleVisitedServices.ts": {"path":"/home/wanessaguedes/projetos-driven/interior-tour/src/services/toogleVisitedServices.ts","statementMap":{"0":{"start":{"line":5,"column":27},"end":{"line":5,"column":73}},"1":{"start":{"line":6,"column":2},"end":{"line":11,"column":null}},"2":{"start":{"line":7,"column":4},"end":{"line":10,"column":6}},"3":{"start":{"line":12,"column":2},"end":{"line":12,"column":60}},"4":{"start":{"line":16,"column":27},"end":{"line":16,"column":73}},"5":{"start":{"line":17,"column":2},"end":{"line":22,"column":null}},"6":{"start":{"line":18,"column":4},"end":{"line":21,"column":6}},"7":{"start":{"line":23,"column":2},"end":{"line":23,"column":62}},"8":{"start":{"line":26,"column":37},"end":{"line":29,"column":2}}},"fnMap":{"0":{"name":"postVisited","decl":{"start":{"line":4,"column":15},"end":{"line":4,"column":26}},"loc":{"start":{"line":4,"column":57},"end":{"line":13,"column":null}}},"1":{"name":"postUnvisited","decl":{"start":{"line":15,"column":15},"end":{"line":15,"column":28}},"loc":{"start":{"line":15,"column":59},"end":{"line":24,"column":null}}}},"branchMap":{"0":{"loc":{"start":{"line":6,"column":2},"end":{"line":11,"column":null}},"type":"if","locations":[{"start":{"line":6,"column":2},"end":{"line":11,"column":null}}]},"1":{"loc":{"start":{"line":17,"column":2},"end":{"line":22,"column":null}},"type":"if","locations":[{"start":{"line":17,"column":2},"end":{"line":22,"column":null}}]}},"s":{"0":2,"1":2,"2":1,"3":1,"4":2,"5":2,"6":1,"7":1,"8":1},"f":{"0":2,"1":2},"b":{"0":[1],"1":[1]}}
}
