TN:
SF:src/config/database.ts
FNF:0
FNH:0
DA:3,9
DA:6,9
LF:2
LH:2
BRF:0
BRH:0
end_of_record
TN:
SF:src/repositories/accountRepository.ts
FN:3,getUserInfoById
FNF:1
FNH:0
FNDA:0,getUserInfoById
DA:4,0
DA:6,0
DA:9,1
LF:3
LH:1
BRF:0
BRH:0
end_of_record
TN:
SF:src/repositories/authRepository.ts
FN:4,createUser
FN:8,checkRegisteredEmail
FNF:2
FNH:1
FNDA:1,createUser
FNDA:0,checkRegisteredEmail
DA:5,1
DA:9,0
DA:13,0
DA:16,1
LF:4
LH:2
BRF:0
BRH:0
end_of_record
TN:
SF:src/repositories/commentsRepository.ts
FN:6,insertComment
FN:12,getCityComments
FN:23,findCity
FN:31,getComments
FN:36,updateComment
FN:40,deleteComment
FN:44,findComment
FNF:7
FNH:2
FNDA:1,insertComment
FNDA:1,getCityComments
FNDA:0,findCity
FNDA:0,getComments
FNDA:0,updateComment
FNDA:0,deleteComment
FNDA:0,findComment
DA:7,1
DA:13,1
DA:20,1
DA:24,0
DA:28,0
DA:32,0
DA:33,0
DA:37,0
DA:41,0
DA:45,0
DA:49,0
DA:52,1
LF:12
LH:4
BRF:0
BRH:0
end_of_record
TN:
SF:src/repositories/discoverCityRepository.ts
FN:3,getCityById
FNF:1
FNH:0
FNDA:0,getCityById
DA:4,0
DA:17,0
DA:20,1
LF:3
LH:1
BRF:0
BRH:0
end_of_record
TN:
SF:src/repositories/mainPageRepository.ts
FN:3,getCities
FN:14,getCityAndUser
FN:31,getCitiesByState
FNF:3
FNH:0
FNDA:0,getCities
FNDA:0,getCityAndUser
FNDA:0,getCitiesByState
DA:4,0
DA:11,0
DA:15,0
DA:16,0
DA:20,0
DA:24,0
DA:28,0
DA:32,0
DA:47,0
DA:50,1
LF:10
LH:1
BRF:0
BRH:0
end_of_record
TN:
SF:src/repositories/searchBarRepository.ts
FN:3,searchState
FNF:1
FNH:0
FNDA:0,searchState
DA:4,0
DA:13,0
DA:16,1
LF:3
LH:1
BRF:0
BRH:0
end_of_record
TN:
SF:src/repositories/toogleFavoriteRepository.ts
FN:3,postFavorites
FN:7,postUnfavorites
FN:18,findCity
FN:26,getFavoriteCities
FNF:4
FNH:2
FNDA:1,postFavorites
FNDA:1,postUnfavorites
FNDA:0,findCity
FNDA:0,getFavoriteCities
DA:4,1
DA:8,1
DA:19,0
DA:23,0
DA:27,0
DA:40,0
DA:43,1
LF:7
LH:3
BRF:0
BRH:0
end_of_record
TN:
SF:src/repositories/toogleLikeRepository.ts
FN:3,postLike
FN:7,postDislike
FN:18,findCity
FNF:3
FNH:2
FNDA:1,postLike
FNDA:1,postDislike
FNDA:0,findCity
DA:4,1
DA:8,1
DA:19,0
DA:23,0
DA:26,1
LF:5
LH:3
BRF:0
BRH:0
end_of_record
TN:
SF:src/repositories/toogleVisitedRepository.ts
FN:3,postVisited
FN:7,postUnvisited
FN:18,findCity
FNF:3
FNH:2
FNDA:1,postVisited
FNDA:1,postUnvisited
FNDA:0,findCity
DA:4,1
DA:8,1
DA:19,0
DA:23,0
DA:26,1
LF:5
LH:3
BRF:0
BRH:0
end_of_record
TN:
SF:src/services/accountService.ts
FN:3,getUserInfoById
FNF:1
FNH:1
FNDA:2,getUserInfoById
DA:4,2
DA:5,2
DA:6,1
DA:12,1
DA:15,1
LF:5
LH:5
BRDA:5,0,0,1
BRF:1
BRH:1
end_of_record
TN:
SF:src/services/authServices.ts
FN:11,signUp
FN:27,signIn
FNF:2
FNH:2
FNDA:2,signUp
FNDA:2,signIn
DA:7,1
DA:9,1
DA:12,2
DA:13,2
DA:14,2
DA:15,2
DA:16,1
DA:22,1
DA:24,1
DA:28,2
DA:29,2
DA:30,1
DA:36,1
DA:37,1
DA:43,0
DA:44,0
DA:46,0
DA:49,1
LF:18
LH:15
BRDA:15,0,0,1
BRDA:29,1,0,1
BRDA:36,2,0,1
BRF:3
BRH:3
end_of_record
TN:
SF:src/services/commentsServices.ts
FN:6,insertComment
FN:19,getCityComments
FN:32,updateComment
FN:46,(anonymous_13)
FN:61,deleteComment
FN:71,(anonymous_16)
FNF:6
FNH:6
FNDA:2,insertComment
FNDA:2,getCityComments
FNDA:3,updateComment
FNDA:4,(anonymous_13)
FNDA:3,deleteComment
FNDA:4,(anonymous_16)
DA:7,2
DA:10,2
DA:11,1
DA:16,1
DA:20,2
DA:21,2
DA:22,1
DA:27,1
DA:29,1
DA:37,3
DA:38,3
DA:39,1
DA:44,2
DA:45,2
DA:46,2
DA:47,4
DA:48,1
DA:51,2
DA:52,1
DA:54,1
DA:62,3
DA:63,3
DA:64,1
DA:69,2
DA:70,2
DA:71,2
DA:72,4
DA:73,1
DA:76,2
DA:77,1
DA:79,1
DA:86,1
LF:32
LH:32
BRDA:10,0,0,1
BRDA:21,1,0,1
BRDA:38,2,0,1
BRDA:47,3,0,1
BRDA:51,4,0,1
BRDA:51,4,1,1
BRDA:63,5,0,1
BRDA:72,6,0,1
BRDA:76,7,0,1
BRDA:76,7,1,1
BRF:10
BRH:10
end_of_record
TN:
SF:src/services/discoverCityServices.ts
FN:3,getCityById
FNF:1
FNH:1
FNDA:1,getCityById
DA:4,1
DA:5,1
DA:6,1
DA:12,0
DA:15,1
LF:5
LH:4
BRDA:5,0,0,1
BRF:1
BRH:1
end_of_record
TN:
SF:src/services/mainPageservice.ts
FN:3,getCities
FN:8,getCityAndUser
FN:13,getCitiesByState
FNF:3
FNH:2
FNDA:1,getCities
FNDA:0,getCityAndUser
FNDA:2,getCitiesByState
DA:4,1
DA:5,1
DA:9,0
DA:10,0
DA:14,2
DA:15,2
DA:16,1
DA:22,1
DA:25,1
LF:9
LH:7
BRDA:15,0,0,1
BRF:1
BRH:1
end_of_record
TN:
SF:src/services/searchBarServices.ts
FN:3,searchState
FNF:1
FNH:1
FNDA:1,searchState
DA:4,1
DA:5,1
DA:8,1
LF:3
LH:3
BRF:0
BRH:0
end_of_record
TN:
SF:src/services/toogleFavoriteServices.ts
FN:4,postFavorite
FN:15,postUnfavorite
FN:26,getFavoriteCities
FNF:3
FNH:3
FNDA:2,postFavorite
FNDA:2,postUnfavorite
FNDA:1,getFavoriteCities
DA:5,2
DA:6,2
DA:7,1
DA:12,1
DA:16,2
DA:17,2
DA:18,1
DA:23,1
DA:27,1
DA:29,1
DA:32,1
LF:11
LH:11
BRDA:6,0,0,1
BRDA:17,1,0,1
BRF:2
BRH:2
end_of_record
TN:
SF:src/services/toogleLikeServices.ts
FN:4,postLike
FN:15,postDislike
FNF:2
FNH:2
FNDA:2,postLike
FNDA:2,postDislike
DA:5,2
DA:6,2
DA:7,1
DA:12,1
DA:16,2
DA:17,2
DA:18,1
DA:23,1
DA:26,1
LF:9
LH:9
BRDA:6,0,0,1
BRDA:17,1,0,1
BRF:2
BRH:2
end_of_record
TN:
SF:src/services/toogleVisitedServices.ts
FN:4,postVisited
FN:15,postUnvisited
FNF:2
FNH:2
FNDA:2,postVisited
FNDA:2,postUnvisited
DA:5,2
DA:6,2
DA:7,1
DA:12,1
DA:16,2
DA:17,2
DA:18,1
DA:23,1
DA:26,1
LF:9
LH:9
BRDA:6,0,0,1
BRDA:17,1,0,1
BRF:2
BRH:2
end_of_record
